Load "d:\\Desktop\\H9\\02-CODE\\gd32f4x\\MDK\\output\\app\\LaiSi_APP.axf" 
* JLink Info: Device "GD32F450ZK" selected.
Set JLink Project File to "d:\Desktop\H9\02-CODE\gd32f4x\MDK\JLinkSettings.ini"* JLink Info: Device "GD32F450ZK" selected.

JLink info:
------------
DLL: V7.80d, compiled Oct  4 2022 16:35:44
Firmware: J-Link V11 compiled Mar 28 2023 16:59:55
Hardware: V11.00
S/N : 601012352 
Feature(s) : GDB, JFlash, FlashDL, FLashBP, RDI 

* JLink Info: Found SW-DP with ID 0x2BA01477
* JLink Info: DPIDR: 0x2BA01477
* JLink Info: CoreSight SoC-400 or earlier
* JLink Info: Scanning AP map to find all available APs
* JLink Info: AP[1]: Stopped AP scan as end of AP map has been reached
* JLink Info: AP[0]: AHB-AP (IDR: 0x24770011)
* JLink Info: Iterating through AP map to find AHB-AP to use
* JLink Info: AP[0]: Core found
* JLink Info: AP[0]: AHB-AP ROM base: 0xE00FF000
* JLink Info: CPUID register: 0x410FC241. Implementer code: 0x41 (ARM)
* JLink Info: Found Cortex-M4 r0p1, Little endian.
* JLink Info: FPUnit: 6 code (BP) slots and 2 literal slots
* JLink Info: CoreSight components:
* JLink Info: ROMTbl[0] @ E00FF000
* JLink Info: [0][0]: E000E000 CID B105E00D PID 000BB00C SCS-M7
* JLink Info: [0][1]: E0001000 CID B105E00D PID 003BB002 DWT
* JLink Info: [0][2]: E0002000 CID B105E00D PID 002BB003 FPB
* JLink Info: [0][3]: E0000000 CID B105E00D PID 003BB001 ITM
* JLink Info: [0][4]: E0040000 CID B105900D PID 000BB9A1 TPIU
* JLink Info: [0][5]: E0041000 CID 00000000 PID 00000000 ???
ROMTableAddr = 0xE00FF000
* JLink Info: Reset: Halt core after reset via DEMCR.VC_CORERESET.
* JLink Info: Reset: Reset device via AIRCR.SYSRESETREQ.

Target info:
------------
Device: GD32F427ZK
VTarget = 3.322V
State of Pins: TCK: 1, TDI: 1, TDO: 0, TMS: 1, TRES: 1, TRST: 1
Hardware-Breakpoints: 6
Software-Breakpoints: 8192
Watchpoints:          4
JTAG speed: 5000 kHz

Erase Done.Programming Done.Verify OK.* JLink Info: Reset: Halt core after reset via DEMCR.VC_CORERESET.
* JLink Info: Reset: Reset device via AIRCR.SYSRESETREQ.
Application running ...
Flash Load finished at 12:01:18
